d:\programacao\mini aplicativos\c\2017_05_xx\tictactoe10000\tictactoe10000\debug\vc141.pdb
d:\programacao\mini aplicativos\c\2017_05_xx\tictactoe10000\tictactoe10000\debug\vc141.idb
d:\programacao\mini aplicativos\c\2017_05_xx\tictactoe10000\tictactoe10000\debug\cursor.obj
d:\programacao\mini aplicativos\c\2017_05_xx\tictactoe10000\tictactoe10000\debug\mt2d_messagebox.obj
d:\programacao\mini aplicativos\c\2017_05_xx\tictactoe10000\tictactoe10000\debug\mt2d_messagebox_with_result.obj
d:\programacao\mini aplicativos\c\2017_05_xx\tictactoe10000\tictactoe10000\debug\mt2d.obj
d:\programacao\mini aplicativos\c\2017_05_xx\tictactoe10000\tictactoe10000\debug\mt2d_display.obj
d:\programacao\mini aplicativos\c\2017_05_xx\tictactoe10000\tictactoe10000\debug\mt2d_keyboard.obj
d:\programacao\mini aplicativos\c\2017_05_xx\tictactoe10000\tictactoe10000\debug\mt2d_layout.obj
d:\programacao\mini aplicativos\c\2017_05_xx\tictactoe10000\tictactoe10000\debug\mt2d_system_calls.obj
d:\programacao\mini aplicativos\c\2017_05_xx\tictactoe10000\tictactoe10000\debug\main.obj
d:\programacao\mini aplicativos\c\2017_05_xx\tictactoe10000\tictactoe10000\debug\render.obj
d:\programacao\mini aplicativos\c\2017_05_xx\tictactoe10000\tictactoe10000\debug\texto.obj
d:\programacao\mini aplicativos\c\2017_05_xx\tictactoe10000\tictactoe10000\debug\cpu.obj
d:\programacao\mini aplicativos\c\2017_05_xx\tictactoe10000\debug\tictactoe10000.pdb
d:\programacao\mini aplicativos\c\2017_05_xx\tictactoe10000\debug\tictactoe10000.exe
d:\programacao\mini aplicativos\c\2017_05_xx\tictactoe10000\debug\tictactoe10000.ilk
d:\programacao\mini aplicativos\c\2017_05_xx\tictactoe10000\tictactoe10000\debug\tictactoe10000.tlog\cl.command.1.tlog
d:\programacao\mini aplicativos\c\2017_05_xx\tictactoe10000\tictactoe10000\debug\tictactoe10000.tlog\cl.read.1.tlog
d:\programacao\mini aplicativos\c\2017_05_xx\tictactoe10000\tictactoe10000\debug\tictactoe10000.tlog\cl.write.1.tlog
d:\programacao\mini aplicativos\c\2017_05_xx\tictactoe10000\tictactoe10000\debug\tictactoe10000.tlog\link.command.1.tlog
d:\programacao\mini aplicativos\c\2017_05_xx\tictactoe10000\tictactoe10000\debug\tictactoe10000.tlog\link.read.1.tlog
d:\programacao\mini aplicativos\c\2017_05_xx\tictactoe10000\tictactoe10000\debug\tictactoe10000.tlog\link.write.1.tlog
