  main.cpp
main.cpp(96): warning C4996: 'sprintf': This function or variable may be unsafe. Consider using sprintf_s instead. To disable deprecation, use _CRT_SECURE_NO_WARNINGS. See online help for details.
  C:\Program Files (x86)\Windows Kits\10\Include\10.0.15063.0\ucrt\stdio.h(1772): note: consulte a declaração de 'sprintf'
main.cpp(123): warning C4477: 'sprintf': a cadeia de formato '%d' requer um argumento do tipo 'int', mas um argumento variadic 2 tem o tipo 'time_t'
  main.cpp(123): note: considere usar '%lld' na cadeia de formato
  main.cpp(123): note: considere usar '%I64d' na cadeia de formato
main.cpp(123): warning C4996: 'sprintf': This function or variable may be unsafe. Consider using sprintf_s instead. To disable deprecation, use _CRT_SECURE_NO_WARNINGS. See online help for details.
  C:\Program Files (x86)\Windows Kits\10\Include\10.0.15063.0\ucrt\stdio.h(1772): note: consulte a declaração de 'sprintf'
main.cpp(125): warning C4996: 'sprintf': This function or variable may be unsafe. Consider using sprintf_s instead. To disable deprecation, use _CRT_SECURE_NO_WARNINGS. See online help for details.
  C:\Program Files (x86)\Windows Kits\10\Include\10.0.15063.0\ucrt\stdio.h(1772): note: consulte a declaração de 'sprintf'
main.cpp(132): warning C4996: 'sprintf': This function or variable may be unsafe. Consider using sprintf_s instead. To disable deprecation, use _CRT_SECURE_NO_WARNINGS. See online help for details.
  C:\Program Files (x86)\Windows Kits\10\Include\10.0.15063.0\ucrt\stdio.h(1772): note: consulte a declaração de 'sprintf'
main.cpp(165): warning C4996: 'sprintf': This function or variable may be unsafe. Consider using sprintf_s instead. To disable deprecation, use _CRT_SECURE_NO_WARNINGS. See online help for details.
  C:\Program Files (x86)\Windows Kits\10\Include\10.0.15063.0\ucrt\stdio.h(1772): note: consulte a declaração de 'sprintf'
main.cpp(170): warning C4996: 'sprintf': This function or variable may be unsafe. Consider using sprintf_s instead. To disable deprecation, use _CRT_SECURE_NO_WARNINGS. See online help for details.
  C:\Program Files (x86)\Windows Kits\10\Include\10.0.15063.0\ucrt\stdio.h(1772): note: consulte a declaração de 'sprintf'
main.cpp(190): warning C4996: 'sprintf': This function or variable may be unsafe. Consider using sprintf_s instead. To disable deprecation, use _CRT_SECURE_NO_WARNINGS. See online help for details.
  C:\Program Files (x86)\Windows Kits\10\Include\10.0.15063.0\ucrt\stdio.h(1772): note: consulte a declaração de 'sprintf'
main.cpp(196): warning C4996: 'sprintf': This function or variable may be unsafe. Consider using sprintf_s instead. To disable deprecation, use _CRT_SECURE_NO_WARNINGS. See online help for details.
  C:\Program Files (x86)\Windows Kits\10\Include\10.0.15063.0\ucrt\stdio.h(1772): note: consulte a declaração de 'sprintf'
main.cpp(201): warning C4996: 'sprintf': This function or variable may be unsafe. Consider using sprintf_s instead. To disable deprecation, use _CRT_SECURE_NO_WARNINGS. See online help for details.
  C:\Program Files (x86)\Windows Kits\10\Include\10.0.15063.0\ucrt\stdio.h(1772): note: consulte a declaração de 'sprintf'
  Gerando código
  1 of 31 functions ( 3.2%) were compiled, the rest were copied from previous compilation.
    0 functions were new in current compilation
    0 functions had inline decision re-evaluated but remain unchanged
  Finalizada a geração de código
  TicTacToe10000.vcxproj -> D:\Programacao\Mini Aplicativos\C\2017_05_xx\TicTacToe10000\Release\TicTacToe10000.exe
